0 info it worked if it ends with ok
1 verbose cli [ '/usr/local/bin/node', '/usr/local/bin/npm', 'publish' ]
2 info using npm@3.2.0
3 info using node@v4.4.5
4 verbose publish [ '.' ]
5 silly cache add args [ '.', null ]
6 verbose cache add spec .
7 silly cache add parsed spec Result {
7 silly cache add   raw: '.',
7 silly cache add   scope: null,
7 silly cache add   name: null,
7 silly cache add   rawSpec: '.',
7 silly cache add   spec: '/Users/kk/tests/redux-convenient-utils',
7 silly cache add   type: 'directory' }
8 verbose addLocalDirectory /Users/kk/.npm/redux-convenient-utils/1.0.0/package.tgz not in flight; packing
9 info prepublish redux-convenient-utils@1.0.0
10 verbose tar pack [ '/Users/kk/.npm/redux-convenient-utils/1.0.0/package.tgz',
10 verbose tar pack   '/Users/kk/tests/redux-convenient-utils' ]
11 verbose tarball /Users/kk/.npm/redux-convenient-utils/1.0.0/package.tgz
12 verbose folder /Users/kk/tests/redux-convenient-utils
13 verbose addLocalTarball adding from inside cache /Users/kk/.npm/redux-convenient-utils/1.0.0/package.tgz
14 silly cache afterAdd redux-convenient-utils@1.0.0
15 verbose afterAdd /Users/kk/.npm/redux-convenient-utils/1.0.0/package/package.json not in flight; writing
16 verbose afterAdd /Users/kk/.npm/redux-convenient-utils/1.0.0/package/package.json written
17 silly publish { name: 'redux-convenient-utils',
17 silly publish   version: '1.0.0',
17 silly publish   description: '用来创建redux的Reducer和action常量',
17 silly publish   main: 'index.js',
17 silly publish   scripts: { test: 'mocha --compilers js:babel-core/register' },
17 silly publish   author: { name: '冬阳' },
17 silly publish   keywords: [ 'createConstants', 'createReducer' ],
17 silly publish   license: 'ISC',
17 silly publish   devDependencies:
17 silly publish    { babel: '^6.5.2',
17 silly publish      'babel-core': '^6.18.2',
17 silly publish      'babel-preset-es2015': '^6.18.0',
17 silly publish      chai: '^3.5.0',
17 silly publish      mocha: '^3.1.2' },
17 silly publish   readme: 'ERROR: No README data found!',
17 silly publish   _id: 'redux-convenient-utils@1.0.0',
17 silly publish   _shasum: 'a9d7ebdad78fd36eb31b54350cf891f3d70dd768',
17 silly publish   _from: '.' }
18 verbose getPublishConfig undefined
19 silly mapToRegistry name redux-convenient-utils
20 silly mapToRegistry using default registry
21 silly mapToRegistry registry http://r.cnpmjs.org/
22 silly mapToRegistry uri http://r.cnpmjs.org/redux-convenient-utils
23 verbose publish registryBase http://r.cnpmjs.org/
24 silly publish uploading /Users/kk/.npm/redux-convenient-utils/1.0.0/package.tgz
25 verbose request uri http://r.cnpmjs.org/redux-convenient-utils
26 verbose request sending authorization for write operation
27 info attempt registry request try #1 at 13:08:42
28 verbose request id a8c95f2968ee7fe5
29 http request PUT http://r.cnpmjs.org/redux-convenient-utils
30 http 403 http://r.cnpmjs.org/redux-convenient-utils
31 verbose headers { server: 'nginx/1.4.6 (Ubuntu)',
31 verbose headers   date: 'Thu, 08 Dec 2016 05:07:23 GMT',
31 verbose headers   'content-type': 'application/json; charset=utf-8',
31 verbose headers   'transfer-encoding': 'chunked',
31 verbose headers   connection: 'keep-alive',
31 verbose headers   'x-current-requests': '1',
31 verbose headers   'x-readtime': '6',
31 verbose headers   'content-encoding': 'gzip' }
32 verbose request invalidating /Users/kk/.npm/r.cnpmjs.org/redux-convenient-utils on PUT
33 error publish Failed PUT 403
34 verbose stack Error: no_perms Private mode enable, only admin can publish this module: redux-convenient-utils
34 verbose stack     at CachingRegistryClient.<anonymous> (/usr/local/lib/node_modules/npm/node_modules/npm-registry-client/lib/request.js:247:14)
34 verbose stack     at /usr/local/lib/node_modules/npm/node_modules/npm-registry-client/lib/request.js:176:7
34 verbose stack     at Gunzip.onEnd (zlib.js:227:5)
34 verbose stack     at emitNone (events.js:72:20)
34 verbose stack     at Gunzip.emit (events.js:166:7)
34 verbose stack     at endReadableNT (_stream_readable.js:913:12)
34 verbose stack     at nextTickCallbackWith2Args (node.js:442:9)
34 verbose stack     at process._tickCallback (node.js:356:17)
35 verbose statusCode 403
36 verbose pkgid redux-convenient-utils
37 verbose cwd /Users/kk/tests/redux-convenient-utils
38 error Darwin 14.5.0
39 error argv "/usr/local/bin/node" "/usr/local/bin/npm" "publish"
40 error node v4.4.5
41 error npm  v3.2.0
42 error code E403
43 error no_perms Private mode enable, only admin can publish this module: redux-convenient-utils
44 error If you need help, you may report this error at:
44 error     <https://github.com/npm/npm/issues>
45 verbose exit [ 1, true ]
